pekerjaan-teknik-feature/build/intermediates/manifest_merge_blame_file/debug/manifest-merger-blame-debug-report.txt
1<?xml version="1.0" encoding="utf-8"?>
2<manifest xmlns:android="http://schemas.android.com/apk/res/android"
3    xmlns:tools="http://schemas.android.com/tools"
4    package="id.pdamkotasmg.pekerjaan_teknik_feature" >
5
6    <uses-sdk
7        android:minSdkVersion="21"
7-->src\main\AndroidManifest.xml
8        android:targetSdkVersion="32" />
8-->src\main\AndroidManifest.xml
9
10    <uses-permission android:name="android.permission.INTERNET" />
10-->src\main\AndroidManifest.xml:5:5-67
10-->src\main\AndroidManifest.xml:5:22-64
11    <uses-permission android:name="android.permission.ACCESS_WIFI_STATE" />
11-->src\main\AndroidManifest.xml:6:5-76
11-->src\main\AndroidManifest.xml:6:22-73
12    <uses-permission android:name="android.permission.ACCESS_NETWORK_STATE" />
12-->src\main\AndroidManifest.xml:7:5-79
12-->src\main\AndroidManifest.xml:7:22-76
13    <uses-permission android:name="android.permission.ACCESS_FINE_LOCATION" />
13-->src\main\AndroidManifest.xml:8:5-79
13-->src\main\AndroidManifest.xml:8:22-76
14    <uses-permission android:name="android.permission.ACCESS_COARSE_LOCATION" />
14-->src\main\AndroidManifest.xml:9:5-81
14-->src\main\AndroidManifest.xml:9:22-78
15    <uses-permission android:name="android.permission.CAMERA" />
15-->src\main\AndroidManifest.xml:10:5-65
15-->src\main\AndroidManifest.xml:10:22-62
16    <uses-permission
16-->src\main\AndroidManifest.xml:11:5-13:40
17        android:name="android.permission.WRITE_EXTERNAL_STORAGE"
17-->src\main\AndroidManifest.xml:12:9-65
18        tools:ignore="ScopedStorage" />
18-->src\main\AndroidManifest.xml:13:9-37
19    <uses-permission android:name="com.google.android.gms.permission.AD_ID" />
19-->src\main\AndroidManifest.xml:14:5-79
19-->src\main\AndroidManifest.xml:14:22-76
20
21    <uses-feature android:name="android.hardware.camera.front" />
21-->src\main\AndroidManifest.xml:16:5-66
21-->src\main\AndroidManifest.xml:16:19-63
22    <uses-feature android:name="android.hardware.camera" />
22-->src\main\AndroidManifest.xml:17:5-60
22-->src\main\AndroidManifest.xml:17:19-57
23    <uses-feature android:name="android.hardware.camera.autofocus" />
23-->src\main\AndroidManifest.xml:18:5-70
23-->src\main\AndroidManifest.xml:18:19-67
24
25    <application android:theme="@style/Theme.HappyWork" >
25-->src\main\AndroidManifest.xml:20:5-71:19
25-->src\main\AndroidManifest.xml:21:9-47
26        <activity
26-->src\main\AndroidManifest.xml:22:9-28:20
27            android:name="id.pdamkotasmg.pekerjaan_teknik_feature.HomeFeaturedSPKActivity"
27-->src\main\AndroidManifest.xml:23:13-52
28            android:exported="true" >
28-->src\main\AndroidManifest.xml:24:13-36
29            <meta-data
29-->src\main\AndroidManifest.xml:25:13-27:36
30                android:name="android.app.lib_name"
30-->src\main\AndroidManifest.xml:26:17-52
31                android:value="" />
31-->src\main\AndroidManifest.xml:27:17-33
32        </activity>
33        <activity
33-->src\main\AndroidManifest.xml:30:9-32:39
34            android:name="id.pdamkotasmg.pekerjaan_teknik_feature.activity.webView.WebViewActivity"
34-->src\main\AndroidManifest.xml:31:13-61
35            android:exported="true" />
35-->src\main\AndroidManifest.xml:32:13-36
36        <activity
36-->src\main\AndroidManifest.xml:33:9-35:39
37            android:name="id.pdamkotasmg.pekerjaan_teknik_feature.activity.spk.MapsAdressActivity"
37-->src\main\AndroidManifest.xml:34:13-60
38            android:exported="true" />
38-->src\main\AndroidManifest.xml:35:13-36
39        <activity
39-->src\main\AndroidManifest.xml:36:9-38:40
40            android:name="id.pdamkotasmg.pekerjaan_teknik_feature.activity.home.HomeSPKActivity"
40-->src\main\AndroidManifest.xml:37:13-58
41            android:exported="false" />
41-->src\main\AndroidManifest.xml:38:13-37
42        <activity
42-->src\main\AndroidManifest.xml:39:9-41:40
43            android:name="id.pdamkotasmg.pekerjaan_teknik_feature.activity.spk.riwayat.RiwayatAmbilPekerjaanActivity"
43-->src\main\AndroidManifest.xml:40:13-79
44            android:exported="false" />
44-->src\main\AndroidManifest.xml:41:13-37
45        <activity
45-->src\main\AndroidManifest.xml:42:9-44:40
46            android:name="id.pdamkotasmg.pekerjaan_teknik_feature.activity.spk.callCenter.DaftarCallCenterActivity"
46-->src\main\AndroidManifest.xml:43:13-77
47            android:exported="false" />
47-->src\main\AndroidManifest.xml:44:13-37
48        <activity
48-->src\main\AndroidManifest.xml:45:9-47:40
49            android:name="id.pdamkotasmg.pekerjaan_teknik_feature.activity.spk.MapsActivity"
49-->src\main\AndroidManifest.xml:46:13-54
50            android:exported="false" />
50-->src\main\AndroidManifest.xml:47:13-37
51        <activity
51-->src\main\AndroidManifest.xml:48:9-50:39
52            android:name="id.pdamkotasmg.pekerjaan_teknik_feature.activity.spk.riwayat.RiwayatVerifikasiActivity"
52-->src\main\AndroidManifest.xml:49:13-75
53            android:exported="false" />
53-->src\main\AndroidManifest.xml:50:13-37
54        <activity
54-->src\main\AndroidManifest.xml:51:9-53:40
55            android:name="id.pdamkotasmg.pekerjaan_teknik_feature.activity.spk.VerifikasiActivity"
55-->src\main\AndroidManifest.xml:52:13-60
56            android:exported="false" />
56-->src\main\AndroidManifest.xml:53:13-37
57        <activity
57-->src\main\AndroidManifest.xml:54:9-56:39
58            android:name="id.pdamkotasmg.pekerjaan_teknik_feature.activity.splash.SplashScreenSPKActivity"
58-->src\main\AndroidManifest.xml:55:13-68
59            android:exported="false" />
59-->src\main\AndroidManifest.xml:56:13-37
60        <activity android:name="id.pdamkotasmg.pekerjaan_teknik_feature.activity.spk.riwayat.DetailRiwayatSpkActivity" />
60-->src\main\AndroidManifest.xml:57:9-83
60-->src\main\AndroidManifest.xml:57:19-80
61        <activity android:name="id.pdamkotasmg.pekerjaan_teknik_feature.activity.spk.riwayat.RiwayatSpkActivity" />
61-->src\main\AndroidManifest.xml:58:9-59:71
61-->src\main\AndroidManifest.xml:59:13-68
62        <activity android:name="id.pdamkotasmg.pekerjaan_teknik_feature.activity.spk.search.SearchPengawasActivity" />
62-->src\main\AndroidManifest.xml:60:9-80
62-->src\main\AndroidManifest.xml:60:19-77
63        <activity android:name="id.pdamkotasmg.pekerjaan_teknik_feature.activity.login.LoginSPKActivity" />
63-->src\main\AndroidManifest.xml:61:9-69
63-->src\main\AndroidManifest.xml:61:19-66
64        <activity android:name="id.pdamkotasmg.pekerjaan_teknik_feature.activity.spk.InputSpkActivity" />
64-->src\main\AndroidManifest.xml:62:9-67
64-->src\main\AndroidManifest.xml:62:19-64
65
66        <meta-data
66-->src\main\AndroidManifest.xml:64:9-66:57
67            android:name="preloaded_fonts"
67-->src\main\AndroidManifest.xml:65:13-43
68            android:resource="@array/preloaded_fonts" />
68-->src\main\AndroidManifest.xml:66:13-54
69        <meta-data
69-->src\main\AndroidManifest.xml:67:9-69:55
70            android:name="com.google.android.geo.API_KEY"
70-->src\main\AndroidManifest.xml:68:13-58
71            android:value="@string/google_maps_key" />
71-->src\main\AndroidManifest.xml:69:13-52
72    </application>
73
74</manifest>